Wed, 11 May 2016 22:45:04 +0200 [::1] User:test@gmail.com logged in.
Wed, 11 May 2016 22:45:24 +0200 [::1] New Team Added: CSUF, Tuffy
Wed, 11 May 2016 22:51:46 +0200 [::1] New Season Added: WINTER,2016
Wed, 11 May 2016 21:29:51 +0000 [::1] User:test@gmail.com logged in.
Wed, 11 May 2016 21:36:53 +0000 [::1] New Team Added: Bethesda University, Flames
Wed, 11 May 2016 21:37:17 +0000 [::1] New Team Added: Loyola Marymount, Iggy the Lion
Wed, 11 May 2016 21:37:40 +0000 [::1] New Team Added: University of the Pacific, Powercat
Wed, 11 May 2016 21:38:06 +0000 [::1] New Team Added: San Diego State University, Aztec Warrior
Wed, 11 May 2016 21:38:35 +0000 [::1] New Team Added: Southern Utah University, Thunderbirds
Wed, 11 May 2016 21:39:09 +0000 [::1] New Team Added: University of Nevada, Reno, Wolf Pack
Wed, 11 May 2016 21:39:29 +0000 [::1] New Team Added: California State University, Dominguez Hills, Bull
Wed, 11 May 2016 21:39:54 +0000 [::1] New Team Added: Seattle University, Rudy the Redhawk
Wed, 11 May 2016 21:40:14 +0000 [::1] New Team Added: Washington University in St. Louis, Bear
Wed, 11 May 2016 21:40:40 +0000 [::1] New Team Added: Oregon State University, Benny Beaver
Wed, 11 May 2016 21:41:00 +0000 [::1] New Team Added: University of Portland, Wally Pilot
Wed, 11 May 2016 21:41:20 +0000 [::1] New Team Added: Portland State University, Victor E. Viking
Wed, 11 May 2016 21:41:36 +0000 [::1] New Team Added: California State University, East Bay, Pioneer
Wed, 11 May 2016 21:41:51 +0000 [::1] New Team Added: University of California, Riverside, Scotty Highlander
Wed, 11 May 2016 21:42:10 +0000 [::1] New Team Added: California State University, Northridge, Matty the Matador
Wed, 11 May 2016 21:42:51 +0000 [::1] New Team Added: University of Hawaii, Rainbow Warriors
Wed, 11 May 2016 21:43:09 +0000 [::1] New Team Added: University of California, Irvine, Peter the Anteater
Wed, 11 May 2016 21:43:41 +0000 [::1] New Team Added: California Polytechnic State University, Musty the Mustang
Wed, 11 May 2016 21:44:00 +0000 [::1] New Team Added: University of California, Davis, Gunrock the Mustang
Wed, 11 May 2016 21:44:20 +0000 [::1] New Team Added: University of California, Santa Barbara, Olé
Wed, 11 May 2016 21:44:39 +0000 [::1] New Team Added: California State University, Long Beach, Prospector Pete
Wed, 11 May 2016 21:46:27 +0000 [::1] New Season Added: Fall,2015-2016
Wed, 11 May 2016 21:47:02 +0000 [::1] New Season Added: Winter,2016
Wed, 11 May 2016 21:47:39 +0000 [::1] New Game Added: 3, 2015-11-06, 16, W, 106, 66,
Wed, 11 May 2016 21:49:01 +0000 [::1] New Game Added: 3, 2015-11-13, 17, L, 74, 79,
Wed, 11 May 2016 21:49:28 +0000 [::1] New Game Added: 3, 2015-11-17, 18, W, 77, 76,
Wed, 11 May 2016 21:50:09 +0000 [::1] New Game Added: 3, 2015-11-21, 19, W, 67, 55,
Wed, 11 May 2016 21:50:40 +0000 [::1] New Game Added: 3, 2015-11-24, 20, W, 80, 66,
Wed, 11 May 2016 21:51:02 +0000 [::1] New Game Added: 3, 2015-11-28, 21, W, 75, 66,
Wed, 11 May 2016 21:51:34 +0000 [::1] New Game Added: 3, 2015-12-01, 22, W, 88, 56,
Wed, 11 May 2016 21:51:57 +0000 [::1] New Game Added: 3, 2015-12-04, 23, W, 70, 61,
Wed, 11 May 2016 21:52:46 +0000 [::1] New Game Added: 3, 2015-12-06, 24, L, 87, 69,
Wed, 11 May 2016 21:53:17 +0000 [::1] New Game Added: 3, 2015-12-12, 17, L, 82, 70,
Wed, 11 May 2016 21:53:54 +0000 [::1] New Game Added: 3, 2015-12-18, 25, L, 69, 82,
Wed, 11 May 2016 21:56:12 +0000 [::1] New Game Added: 3, 2015-12-19, 27, L, 60, 65,
Wed, 11 May 2016 21:56:48 +0000 [::1] New Game Added: 3, 2015-12-29, 27, L, 82, 89,
Wed, 11 May 2016 21:57:58 +0000 [::1] New Game Added: 3, 2016-01-02, 28, W, 75, 52,
Wed, 11 May 2016 21:58:32 +0000 [::1] New Game Added: 4, 2016-01-07, 29, W, 79, 73,
Wed, 11 May 2016 21:59:16 +0000 [::1] New Game Added: 4, 2016-01-09, 30, L, 75, 85,
Wed, 11 May 2016 21:59:58 +0000 [::1] New Game Added: 4, 2015-12-16, 31, L, 79, 86,
Wed, 11 May 2016 22:00:31 +0000 [::1] New Game Added: 4, 2016-01-20, 32, L, 59, 72,
Wed, 11 May 2016 22:01:03 +0000 [::1] New Game Added: 4, 2016-01-23, 33, L, 75, 83,
Wed, 11 May 2016 22:01:32 +0000 [::1] New Game Added: 4, 2016-01-27, 34, L, 64, 69,
Wed, 11 May 2016 22:02:02 +0000 [::1] New Game Added: 4, 2016-01-30, 29, L, 71, 81,
Wed, 11 May 2016 22:02:34 +0000 [::1] New Game Added: 4, 2016-02-04, 34, W, 61, 57,
Wed, 11 May 2016 22:03:00 +0000 [::1] New Game Added: 4, 2016-02-06, 35, L, 68, 81,
Wed, 11 May 2016 22:03:32 +0000 [::1] New Game Added: 4, 2016-02-10, 30, L, 67, 75,
Wed, 11 May 2016 22:03:55 +0000 [::1] New Game Added: 4, 2016-02-13, 31, L, 59, 76,
Wed, 11 May 2016 22:04:26 +0000 [::1] New Game Added: 4, 2016-02-17, 32, L, 77, 96,
Wed, 11 May 2016 22:07:09 +0000 [::1] New Game Added: 4, 2016-02-20, 36, L, 57, 70,
Wed, 11 May 2016 22:07:34 +0000 [::1] New Game Added: 4, 2016-02-25, 33, W, 78, 77,
Wed, 11 May 2016 22:08:03 +0000 [::1] New Game Added: 4, 2016-02-27, 35, L, 62, 80,
Wed, 11 May 2016 22:08:29 +0000 [::1] New Game Added: 4, 2016-03-02, 36, L, 73, 75,
Wed, 11 May 2016 22:09:41 +0000 [::1] New Game Added: 4, 2016-03-10, 31, L, 44, 75,
Wed, 11 May 2016 22:13:12 +0000 [::1] Player Added To Game: 1, 13, 2, 3, 2, 0, 0,
Wed, 11 May 2016 22:13:59 +0000 [::1] Player Added To Game: 1, 15, 6, 5, 0, 2, 1,
Wed, 11 May 2016 22:14:41 +0000 [::1] Player Added To Game: 1, 6, 18, 5, 2, 2, 0,
Wed, 11 May 2016 22:15:33 +0000 [::1] Player Added To Game: 1, 10, 17, 2, 1, 0, 0,
Wed, 11 May 2016 22:15:58 +0000 [::1] Player Added To Game: 1, 5, 14, 2, 0, 0, 0,
Wed, 11 May 2016 22:16:20 +0000 [::1] Player Added To Game: 1, 7, 9, 3, 1, 2, 0,
Wed, 11 May 2016 22:16:47 +0000 [::1] Player Added To Game: 1, 9, 6, 8, 0, 1, 0,
Wed, 11 May 2016 22:17:15 +0000 [::1] Player Added To Game: 1, 11, 0, 0, 1, 0, 0,
Wed, 11 May 2016 22:17:53 +0000 [::1] Player Added To Game: 1, 12, 13, 7, 2, 0, 1,
Wed, 11 May 2016 22:20:00 +0000 [::1] Player Added To Game: 1, 16, 14, 1, 5, 0, 0,
Wed, 11 May 2016 22:20:28 +0000 [::1] Player Added To Game: 1, 17, 7, 7, 0, 1, 1,
Fri, 20 May 2016 17:59:41 +0000 [::1] User:test@gmail.com logged in.
